<?xml version="1.0" encoding="UTF-8"?>
<!-- Generated by org.testng.reporters.JUnitReportReporter -->
<testsuite skipped="4" hostname="CHIC02S10KWG8WL" name="SignInTest" tests="5" failures="0" timestamp="2019-10-04T21:47:19 CDT" time="26.923" errors="0">
  <testcase name="signIn" time="26.923" classname="SignInTest"/>
  <testcase name="tiger" classname="SignInTest">
    <skipped/>
  </testcase> <!-- tiger -->
  <testcase name="dog" classname="SignInTest">
    <skipped/>
  </testcase> <!-- dog -->
  <testcase name="goToMyAccountPage" classname="SignInTest">
    <skipped/>
  </testcase> <!-- goToMyAccountPage -->
  <testcase name="searchProduct" classname="SignInTest">
    <skipped/>
  </testcase> <!-- searchProduct -->
</testsuite> <!-- SignInTest -->
